<?xml version="1.0" encoding="UTF-8"?>
<!-- Generated by org.testng.reporters.JUnitReportReporter -->
<testsuite hostname="LAPTOP-2OII0J81" failures="0" tests="2" name="com.inetBanking.testCases.DeletecustomerTest" time="33.506" errors="0" timestamp="2023-12-02T15:46:57 IST" skipped="1">
  <testcase classname="com.inetBanking.testCases.DeletecustomerTest" name="deletecustomer" time="20.019">
    <skipped/>
  </testcase> <!-- deletecustomer -->
  <system-out/>
  <testcase classname="com.inetBanking.testCases.DeletecustomerTest" name="deletecustomer" time="13.487"/>
  <system-out/>
</testsuite> <!-- com.inetBanking.testCases.DeletecustomerTest -->
